# JRE version: Java(TM) SE Runtime Environment (8.0_221-b11) (build 1.8.0_221-b11)
# Java VM: Java HotSpot(TM) 64-Bit Server VM (25.221-b11 mixed mode windows-amd64 compressed oops)
Heap:
 PSYoungGen      total 210432K, used 95077K [0x00000000d5f80000, 0x00000000e4700000, 0x0000000100000000)
  eden space 190976K, 49% used [0x00000000d5f80000,0x00000000dbc59690,0x00000000e1a00000)
  from space 19456K, 0% used [0x00000000e2d80000,0x00000000e2d80000,0x00000000e4080000)
  to   space 19968K, 0% used [0x00000000e1a00000,0x00000000e1a00000,0x00000000e2d80000)
 ParOldGen       total 131584K, used 24825K [0x0000000081e00000, 0x0000000089e80000, 0x00000000d5f80000)
  object space 131584K, 18% used [0x0000000081e00000,0x000000008363e4a8,0x0000000089e80000)
 Metaspace       used 59272K, capacity 62080K, committed 62168K, reserved 1103872K
  class space    used 8200K, capacity 8699K, committed 8704K, reserved 1048576K
GC Heap History (10 events):
Event: 5.760 GC heap before
{Heap before GC invocations=9 (full 1):
 PSYoungGen      total 137728K, used 136484K [0x00000000d5f80000, 0x00000000e1000000, 0x0000000100000000)
  eden space 128512K, 99% used [0x00000000d5f80000,0x00000000ddbcccd0,0x00000000ddd00000)
  from space 9216K, 99% used [0x00000000ddd00000,0x00000000de5fc538,0x00000000de600000)
  to   space 11776K, 0% used [0x00000000e0480000,0x00000000e0480000,0x00000000e1000000)
 ParOldGen       total 58880K, used 10093K [0x0000000081e00000, 0x0000000085780000, 0x00000000d5f80000)
  object space 58880K, 17% used [0x0000000081e00000,0x00000000827db470,0x0000000085780000)
 Metaspace       used 33849K, capacity 35442K, committed 35456K, reserved 1079296K
  class space    used 4400K, capacity 4724K, committed 4736K, reserved 1048576K
Event: 5.776 GC heap after
Heap after GC invocations=9 (full 1):
 PSYoungGen      total 166400K, used 11753K [0x00000000d5f80000, 0x00000000e3700000, 0x0000000100000000)
  eden space 154624K, 0% used [0x00000000d5f80000,0x00000000d5f80000,0x00000000df680000)
  from space 11776K, 99% used [0x00000000e0480000,0x00000000e0ffa740,0x00000000e1000000)
  to   space 14336K, 0% used [0x00000000df680000,0x00000000df680000,0x00000000e0480000)
 ParOldGen       total 58880K, used 11738K [0x0000000081e00000, 0x0000000085780000, 0x00000000d5f80000)
  object space 58880K, 19% used [0x0000000081e00000,0x00000000829769c8,0x0000000085780000)
 Metaspace       used 33849K, capacity 35442K, committed 35456K, reserved 1079296K
  class space    used 4400K, capacity 4724K, committed 4736K, reserved 1048576K
}
Event: 5.776 GC heap before
{Heap before GC invocations=10 (full 2):
 PSYoungGen      total 166400K, used 11753K [0x00000000d5f80000, 0x00000000e3700000, 0x0000000100000000)
  eden space 154624K, 0% used [0x00000000d5f80000,0x00000000d5f80000,0x00000000df680000)
  from space 11776K, 99% used [0x00000000e0480000,0x00000000e0ffa740,0x00000000e1000000)
  to   space 14336K, 0% used [0x00000000df680000,0x00000000df680000,0x00000000e0480000)
 ParOldGen       total 58880K, used 11738K [0x0000000081e00000, 0x0000000085780000, 0x00000000d5f80000)
  object space 58880K, 19% used [0x0000000081e00000,0x00000000829769c8,0x0000000085780000)
 Metaspace       used 33849K, capacity 35442K, committed 35456K, reserved 1079296K
  class space    used 4400K, capacity 4724K, committed 4736K, reserved 1048576K
Event: 5.868 GC heap after
Heap after GC invocations=10 (full 2):
 PSYoungGen      total 166400K, used 0K [0x00000000d5f80000, 0x00000000e3700000, 0x0000000100000000)
  eden space 154624K, 0% used [0x00000000d5f80000,0x00000000d5f80000,0x00000000df680000)
  from space 11776K, 0% used [0x00000000e0480000,0x00000000e0480000,0x00000000e1000000)
  to   space 14336K, 0% used [0x00000000df680000,0x00000000df680000,0x00000000e0480000)
 ParOldGen       total 94720K, used 17239K [0x0000000081e00000, 0x0000000087a80000, 0x00000000d5f80000)
  object space 94720K, 18% used [0x0000000081e00000,0x0000000082ed5fe0,0x0000000087a80000)
 Metaspace       used 33849K, capacity 35442K, committed 35456K, reserved 1079296K
  class space    used 4400K, capacity 4724K, committed 4736K, reserved 1048576K
}
Event: 9.679 GC heap before
{Heap before GC invocations=11 (full 2):
 PSYoungGen      total 166400K, used 154624K [0x00000000d5f80000, 0x00000000e3700000, 0x0000000100000000)
  eden space 154624K, 100% used [0x00000000d5f80000,0x00000000df680000,0x00000000df680000)
  from space 11776K, 0% used [0x00000000e0480000,0x00000000e0480000,0x00000000e1000000)
  to   space 14336K, 0% used [0x00000000df680000,0x00000000df680000,0x00000000e0480000)
 ParOldGen       total 94720K, used 17239K [0x0000000081e00000, 0x0000000087a80000, 0x00000000d5f80000)
  object space 94720K, 18% used [0x0000000081e00000,0x0000000082ed5fe0,0x0000000087a80000)
 Metaspace       used 52929K, capacity 55222K, committed 55424K, reserved 1097728K
  class space    used 7268K, capacity 7688K, committed 7808K, reserved 1048576K
Event: 9.706 GC heap after
Heap after GC invocations=11 (full 2):
 PSYoungGen      total 168960K, used 14331K [0x00000000d5f80000, 0x00000000e4080000, 0x0000000100000000)
  eden space 154624K, 0% used [0x00000000d5f80000,0x00000000d5f80000,0x00000000df680000)
  from space 14336K, 99% used [0x00000000df680000,0x00000000e047ef68,0x00000000e0480000)
  to   space 19456K, 0% used [0x00000000e2d80000,0x00000000e2d80000,0x00000000e4080000)
 ParOldGen       total 94720K, used 24618K [0x0000000081e00000, 0x0000000087a80000, 0x00000000d5f80000)
  object space 94720K, 25% used [0x0000000081e00000,0x000000008360aad0,0x0000000087a80000)
 Metaspace       used 52929K, capacity 55222K, committed 55424K, reserved 1097728K
  class space    used 7268K, capacity 7688K, committed 7808K, reserved 1048576K
}
Event: 10.865 GC heap before
{Heap before GC invocations=12 (full 2):
 PSYoungGen      total 168960K, used 72977K [0x00000000d5f80000, 0x00000000e4080000, 0x0000000100000000)
  eden space 154624K, 37% used [0x00000000d5f80000,0x00000000d98c5730,0x00000000df680000)
  from space 14336K, 99% used [0x00000000df680000,0x00000000e047ef68,0x00000000e0480000)
  to   space 19456K, 0% used [0x00000000e2d80000,0x00000000e2d80000,0x00000000e4080000)
 ParOldGen       total 94720K, used 24618K [0x0000000081e00000, 0x0000000087a80000, 0x00000000d5f80000)
  object space 94720K, 25% used [0x0000000081e00000,0x000000008360aad0,0x0000000087a80000)
 Metaspace       used 56430K, capacity 59008K, committed 59096K, reserved 1099776K
  class space    used 7753K, capacity 8189K, committed 8192K, reserved 1048576K
Event: 10.897 GC heap after
Heap after GC invocations=12 (full 2):
 PSYoungGen      total 210432K, used 12097K [0x00000000d5f80000, 0x00000000e4700000, 0x0000000100000000)
  eden space 190976K, 0% used [0x00000000d5f80000,0x00000000d5f80000,0x00000000e1a00000)
  from space 19456K, 62% used [0x00000000e2d80000,0x00000000e3950518,0x00000000e4080000)
  to   space 19968K, 0% used [0x00000000e1a00000,0x00000000e1a00000,0x00000000e2d80000)
 ParOldGen       total 94720K, used 24626K [0x0000000081e00000, 0x0000000087a80000, 0x00000000d5f80000)
  object space 94720K, 25% used [0x0000000081e00000,0x000000008360cad0,0x0000000087a80000)
 Metaspace       used 56430K, capacity 59008K, committed 59096K, reserved 1099776K
  class space    used 7753K, capacity 8189K, committed 8192K, reserved 1048576K
}
Event: 10.897 GC heap before
{Heap before GC invocations=13 (full 3):
 PSYoungGen      total 210432K, used 12097K [0x00000000d5f80000, 0x00000000e4700000, 0x0000000100000000)
  eden space 190976K, 0% used [0x00000000d5f80000,0x00000000d5f80000,0x00000000e1a00000)
  from space 19456K, 62% used [0x00000000e2d80000,0x00000000e3950518,0x00000000e4080000)
  to   space 19968K, 0% used [0x00000000e1a00000,0x00000000e1a00000,0x00000000e2d80000)
 ParOldGen       total 94720K, used 24626K [0x0000000081e00000, 0x0000000087a80000, 0x00000000d5f80000)
  object space 94720K, 25% used [0x0000000081e00000,0x000000008360cad0,0x0000000087a80000)
 Metaspace       used 56430K, capacity 59008K, committed 59096K, reserved 1099776K
  class space    used 7753K, capacity 8189K, committed 8192K, reserved 1048576K
Event: 11.062 GC heap after
Heap after GC invocations=13 (full 3):
 PSYoungGen      total 210432K, used 0K [0x00000000d5f80000, 0x00000000e4700000, 0x0000000100000000)
  eden space 190976K, 0% used [0x00000000d5f80000,0x00000000d5f80000,0x00000000e1a00000)
  from space 19456K, 0% used [0x00000000e2d80000,0x00000000e2d80000,0x00000000e4080000)
  to   space 19968K, 0% used [0x00000000e1a00000,0x00000000e1a00000,0x00000000e2d80000)
 ParOldGen       total 131584K, used 24825K [0x0000000081e00000, 0x0000000089e80000, 0x00000000d5f80000)
  object space 131584K, 18% used [0x0000000081e00000,0x000000008363e4a8,0x0000000089e80000)
 Metaspace       used 56422K, capacity 58996K, committed 59096K, reserved 1099776K
  class space    used 7752K, capacity 8187K, committed 8192K, reserved 1048576K
}

